app/manifest-merger-release-report.txt
-- Merging decision tree log ---
manifest
ADDED from AndroidManifest.xml:1:1
	package
		ADDED from AndroidManifest.xml:2:5
		INJECTED from AndroidManifest.xml:0:0
		INJECTED from AndroidManifest.xml:0:0
	android:versionName
		INJECTED from AndroidManifest.xml:0:0
		INJECTED from AndroidManifest.xml:0:0
	xmlns:android
		ADDED from AndroidManifest.xml:1:11
	android:versionCode
		INJECTED from AndroidManifest.xml:0:0
		INJECTED from AndroidManifest.xml:0:0
application
ADDED from AndroidManifest.xml:5:5
MERGED from com.android.support:appcompat-v7:21.0.3:16:5
MERGED from com.android.support:support-v4:21.0.3:16:5
	android:label
		ADDED from AndroidManifest.xml:5:18
	android:icon
		ADDED from AndroidManifest.xml:5:51
service#SoftKeyboard
ADDED from AndroidManifest.xml:6:9
	android:permission
		ADDED from AndroidManifest.xml:7:13
	android:name
		ADDED from AndroidManifest.xml:6:18
intent-filter#android.view.InputMethod
ADDED from AndroidManifest.xml:8:13
action#android.view.InputMethod
ADDED from AndroidManifest.xml:9:17
	android:name
		ADDED from AndroidManifest.xml:9:25
meta-data#android.view.im
ADDED from AndroidManifest.xml:11:13
	android:resource
		ADDED from AndroidManifest.xml:11:55
	android:name
		ADDED from AndroidManifest.xml:11:24
activity#ImePreferences
ADDED from AndroidManifest.xml:14:9
	android:label
		ADDED from AndroidManifest.xml:14:50
	android:name
		ADDED from AndroidManifest.xml:14:19
intent-filter#android.intent.action.MAIN
ADDED from AndroidManifest.xml:15:13
action#android.intent.action.MAIN
ADDED from AndroidManifest.xml:16:17
	android:name
		ADDED from AndroidManifest.xml:16:25
uses-sdk
INJECTED from AndroidManifest.xml:0:0 reason: use-sdk injection requested
MERGED from com.android.support:appcompat-v7:21.0.3:15:5
MERGED from com.android.support:support-v4:21.0.3:15:5
	android:targetSdkVersion
		INJECTED from AndroidManifest.xml:0:0
		INJECTED from AndroidManifest.xml:0:0
	android:minSdkVersion
		INJECTED from AndroidManifest.xml:0:0
		INJECTED from AndroidManifest.xml:0:0